10:53:09.157 This is an INFO level log message!
22:38:28.489 This is an INFO level log message!
22:39:51.186 This is an INFO level log message!
22:40:57.549 This is an INFO level log message!
22:42:47.666 This is an INFO level log message!
22:43:26.059 This is an INFO level log message!
22:44:15.005 This is an INFO level log message!
22:44:27.592 This is an INFO level log message!
22:44:47.420 This is an INFO level log message!
22:45:58.763 This is an INFO level log message!
22:46:29.414 This is an INFO level log message!
22:47:04.639 This is an INFO level log message!
22:47:17.634 This is an INFO level log message!
22:47:29.747 This is an INFO level log message!
22:48:15.665 This is an INFO level log message!
22:48:29.646 This is an INFO level log message!
22:53:20.469 This is an INFO level log message!
22:53:20.731 This is an INFO level log message! from Player
09:04:11.433 This is an INFO level log message! from Player
09:04:16.270 You picked up health, but health is already at its maximum.
09:04:50.170 You picked up the key. +1 key in your inventory.
09:04:55.870 Player: +1 health.
09:05:00.403 Player: +1 health.
09:19:00 This is an INFO level log message! from Player
09:19:05 You picked up health, but health is already at its maximum.
09:22:06 This is an INFO level log message! from Player
09:22:10 You picked up health, but health is already at its maximum.
09:22:43 Player: +1 key in inventory.
09:22:46 The player opened the doors to the labyrinth. -1 Key in inventory
09:22:46 Player: +1 level.
09:22:51 Player: +1 health.
09:32:36 This is an INFO level log message! from Player
09:33:03 This is an INFO level log message! from Player
09:33:06 You opened the doors to the labyrinth. -1 key in inventory
09:33:06 Player: +1 level.
09:33:24 This is an INFO level log message! from Player
09:33:30 You opened the doors to the labyrinth. -1 key in inventory
09:33:30 Player: +1 level.
09:34:00 This is an INFO level log message! from Player
09:34:14 This is an INFO level log message! from Player
09:34:33 Player: +1 health.
09:35:01 This is an INFO level log message! from Player
09:35:24 Player: +1 health.
09:36:02 This is an INFO level log message! from Player
09:36:23 This is an INFO level log message! from Player
09:36:27 You opened the doors to the labyrinth. -1 key in inventory
09:36:27 Player: +1 level.
09:37:38 This is an INFO level log message! from Player
09:37:42 You opened the doors to the labyrinth. -1 key in inventory
09:37:42 Player: +1 level.
09:38:10 This is an INFO level log message! from Player
09:38:40 This is an INFO level log message! from Player
09:38:53 This is an INFO level log message! from Player
09:39:01 Player: +1 key in inventory.
09:39:27 This is an INFO level log message! from Player
09:39:45 Player: +1 health.
09:39:47 You opened the doors to the labyrinth. -1 key in inventory
09:39:47 Player: +1 level.
09:39:53 Player: +1 health.
09:39:58 You picked up health, but health is already at its maximum.
09:42:16 This is an INFO level log message! from Player
09:49:03 This is an INFO level log message! from Player
09:49:07 You picked up health, but health is already at its maximum.
11:07:57 This is an INFO level log message! from Player
11:08:28 This is an INFO level log message! from Player
11:12:24 This is an INFO level log message! from Player
11:12:45 This is an INFO level log message! from Player
11:13:06 This is an INFO level log message! from Player
11:13:21 This is an INFO level log message! from Player
11:13:40 This is an INFO level log message! from Player
11:13:54 This is an INFO level log message! from Player
11:14:31 This is an INFO level log message! from Player
11:15:18 This is an INFO level log message! from Player
11:15:40 This is an INFO level log message! from Player
11:15:59 This is an INFO level log message! from Player
11:16:26 This is an INFO level log message! from Player
11:16:43 This is an INFO level log message! from Player
11:17:05 This is an INFO level log message! from Player
11:17:17 This is an INFO level log message! from Player
11:17:31 This is an INFO level log message! from Player
11:17:41 You picked up health, but health is already at its maximum.
11:18:43 This is an INFO level log message! from Player
11:19:08 Player: +1 health.
11:19:10 You opened the doors to the labyrinth. -1 key in inventory
11:19:10 Player: +1 level.
11:19:13 Player: +1 health.
11:19:18 You picked up health, but health is already at its maximum.
11:19:46 Player: +1 level.
11:20:11 Player: +1 key in inventory.
11:20:40 Player: +1 health.
11:20:51 You The player opened the doors to the boss. -1 key in inventory
11:20:51 Player: +1 level.
11:20:57 You attack the boss.
11:20:57 Boss loses 1 health.
11:20:57 You attack the boss.
11:20:57 You attack the boss.
11:20:57 You attack the boss.
11:20:57 You attack the boss.
11:20:57 You attack the boss.
11:20:57 You attack the boss.
11:20:57 You attack the boss.
11:20:57 You attack the boss.
11:20:57 You attack the boss.
11:20:57 You attack the boss.
11:20:57 You attack the boss.
11:20:57 You attack the boss.
11:20:57 You attack the boss.
11:20:57 You attack the boss.
11:20:57 You attack the boss.
11:20:57 You attack the boss.
11:20:57 You attack the boss.
11:20:57 You attack the boss.
11:20:57 You attack the boss.
11:20:57 You attack the boss.
11:20:57 You attack the boss.
11:21:04 You attack the boss.
11:21:04 Boss loses 1 health.
11:21:04 You attack the boss.
11:21:04 You attack the boss.
11:21:04 You attack the boss.
11:21:04 You attack the boss.
11:21:04 You attack the boss.
11:21:04 You attack the boss.
11:21:04 You attack the boss.
11:21:04 You attack the boss.
11:21:04 You attack the boss.
11:21:04 You attack the boss.
11:21:04 You attack the boss.
11:21:04 You attack the boss.
11:21:04 You attack the boss.
11:21:04 You attack the boss.
11:21:04 You attack the boss.
11:21:04 You attack the boss.
11:21:04 You attack the boss.
11:21:04 You attack the boss.
11:21:04 You attack the boss.
11:21:04 You attack the boss.
11:21:04 You attack the boss.
11:21:09 This is an INFO level log message! from Player
11:21:41 This is an INFO level log message! from Player
11:21:43 This is an INFO level log message! from Player
11:22:16 This is an INFO level log message! from Player
11:22:17 This is an INFO level log message! from Player
11:22:57 This is an INFO level log message! from Player
11:23:04 This is an INFO level log message! from Player
11:23:06 This is an INFO level log message! from Player
11:23:38 This is an INFO level log message! from Player
11:23:40 This is an INFO level log message! from Player
11:24:22 This is an INFO level log message! from Player
11:24:25 You opened the doors to the labyrinth. -1 key in inventory
11:24:25 Player: +1 level.
11:25:10 This is an INFO level log message! from Player
11:25:14 You opened the doors to the labyrinth. -1 key in inventory
11:25:14 Player: +1 level.
11:25:53 This is an INFO level log message! from Player
11:25:57 You opened the doors to the labyrinth. -1 key in inventory
11:25:57 Player: +1 level.
11:26:03 This is an INFO level log message! from Player
11:26:05 This is an INFO level log message! from Player
11:27:08 This is an INFO level log message! from Player
11:27:11 You opened the doors to the labyrinth. -1 key in inventory
11:27:11 Player: +1 level.
11:27:17 This is an INFO level log message! from Player
11:27:21 This is an INFO level log message! from Player
15:45:55 Player: +1 health.
15:46:15 You picked up health, but health is already at its maximum.
16:01:30 You picked up health, but health is already at its maximum.
16:04:20 You picked up health, but health is already at its maximum.
16:05:12 You picked up health, but health is already at its maximum.
16:07:29 You picked up health, but health is already at its maximum.
16:08:27 You picked up health, but health is already at its maximum.
16:08:48 You picked up health, but health is already at its maximum.
18:20:25 You picked up health, but health is already at its maximum.
22:26:40 You picked up health, but health is already at its maximum.
22:27:00 Player: +1 key in inventory.
22:27:14 You picked up health, but health is already at its maximum.
22:27:55 Player: +1 health.
22:28:05 Player: +1 key in inventory.
22:28:13 You opened the doors to the labyrinth. -1 key in inventory
22:28:13 Player: +1 level.
22:28:30 Player: +1 health.
00:10:31 You picked up health, but health is already at its maximum.
00:10:49 Player: +1 key in inventory.
00:10:53 You opened the doors to the labyrinth. -1 key in inventory
00:10:53 Player: +1 level.
00:10:56 Player: +1 health.
00:11:00 Player: +1 health.
00:11:26 Player: +1 level.
00:11:29 Player: +1 health.
00:11:42 Player: +1 map in inventory. The player can see the whole game map.
00:11:43 You picked up health, but health is already at its maximum.
00:12:36 Player: +1 key in inventory.
00:13:05 You The player opened the doors to the boss. -1 key in inventory
00:13:05 Player: +1 level.
00:13:10 You attack the boss.
00:13:10 Boss loses 1 health.
00:13:10 You attack the boss.
00:13:10 You attack the boss.
00:13:10 You attack the boss.
00:13:10 You attack the boss.
00:13:10 You attack the boss.
00:13:10 You attack the boss.
00:13:10 You attack the boss.
00:13:10 You attack the boss.
00:13:10 You attack the boss.
00:13:10 You attack the boss.
00:13:10 You attack the boss.
00:13:10 You attack the boss.
00:13:10 You attack the boss.
00:13:10 You attack the boss.
00:13:13 You attack the boss.
00:13:13 Boss loses 1 health.
00:13:13 You attack the boss.
00:13:13 You attack the boss.
00:13:13 You attack the boss.
00:13:13 You attack the boss.
00:13:13 You attack the boss.
00:13:14 You attack the boss.
00:13:14 You attack the boss.
00:13:14 You attack the boss.
00:13:14 You attack the boss.
00:13:14 You attack the boss.
00:13:14 You attack the boss.
00:13:14 You attack the boss.
00:13:14 You attack the boss.
00:13:14 You attack the boss.
00:13:14 You attack the boss.
00:13:14 You attack the boss.
00:13:14 You attack the boss.
00:13:14 You attack the boss.
00:13:14 You attack the boss.
00:13:14 You attack the boss.
00:13:14 You attack the boss.
00:13:14 You attack the boss.
00:13:18 You attack the boss.
00:13:18 Boss loses 1 health.
00:13:18 You attack the boss.
00:13:18 You attack the boss.
00:13:18 You attack the boss.
00:13:18 You attack the boss.
00:13:18 You attack the boss.
00:13:18 You attack the boss.
00:13:18 You attack the boss.
00:13:18 You attack the boss.
00:13:18 You attack the boss.
00:13:18 You attack the boss.
00:13:18 You attack the boss.
00:13:18 You attack the boss.
00:13:18 You attack the boss.
00:13:18 You attack the boss.
00:13:18 You attack the boss.
00:13:18 You attack the boss.
00:13:18 You attack the boss.
00:13:18 You attack the boss.
00:13:18 You attack the boss.
00:13:18 You attack the boss.
00:13:22 You attack the boss.
00:13:22 Boss loses 1 health.
00:13:22 You attack the boss.
00:13:22 You attack the boss.
00:13:35 You attack the boss.
00:13:35 Boss loses 1 health.
00:13:35 You attack the boss.
00:13:35 You attack the boss.
00:13:35 You attack the boss.
00:13:35 You attack the boss.
00:13:35 You attack the boss.
00:13:35 You attack the boss.
00:13:35 You attack the boss.
00:13:35 You attack the boss.
00:13:35 You attack the boss.
00:13:35 You attack the boss.
00:13:35 You attack the boss.
00:13:35 You attack the boss.
00:13:35 You attack the boss.
00:13:35 You attack the boss.
00:13:35 You attack the boss.
00:13:35 You attack the boss.
00:13:35 You attack the boss.
00:13:35 You attack the boss.
00:13:35 You attack the boss.
00:13:35 You attack the boss.
00:13:35 You attack the boss.
00:13:54 You attack the boss.
00:13:54 Boss loses 1 health.
00:13:54 You attack the boss.
00:13:54 You attack the boss.
00:13:54 You attack the boss.
00:13:54 You attack the boss.
00:13:54 You attack the boss.
00:13:54 You attack the boss.
00:13:54 You attack the boss.
00:13:54 You attack the boss.
00:13:54 You attack the boss.
00:13:54 You attack the boss.
00:13:54 You attack the boss.
00:13:54 You attack the boss.
00:13:54 You attack the boss.
00:13:54 You attack the boss.
00:13:54 You attack the boss.
00:13:54 You attack the boss.
00:13:54 You attack the boss.
00:13:54 You attack the boss.
00:13:54 You attack the boss.
00:13:56 You attack the boss.
00:13:56 You won the boss. The boss is dead..
00:13:56 Player: +1 key in inventory.
00:14:04 You opened the doors from the boss's room. -1 key in inventory
00:17:53 You attack the boss.
00:17:53 Boss loses 1 health.
00:17:53 You attack the boss.
00:17:53 You attack the boss.
00:17:54 You attack the boss.
00:17:54 You attack the boss.
00:17:54 You attack the boss.
00:17:54 You attack the boss.
00:17:54 You attack the boss.
00:17:54 You attack the boss.
00:17:54 You attack the boss.
00:17:54 You attack the boss.
00:17:54 You attack the boss.
00:17:54 You attack the boss.
00:17:54 You attack the boss.
00:17:54 You attack the boss.
00:17:54 You attack the boss.
00:17:54 You attack the boss.
00:17:54 You attack the boss.
00:17:54 You attack the boss.
00:17:54 You attack the boss.
00:17:54 You attack the boss.
00:17:54 You attack the boss.
00:17:54 You attack the boss.
00:17:54 You attack the boss.
00:17:54 You attack the boss.
00:17:56 You attack the boss.
00:17:56 Boss loses 1 health.
00:17:56 You attack the boss.
00:17:56 You attack the boss.
00:17:56 You attack the boss.
00:17:56 You attack the boss.
00:17:56 You attack the boss.
00:17:56 You attack the boss.
00:17:56 You attack the boss.
00:17:56 You attack the boss.
00:17:56 You attack the boss.
00:17:56 You attack the boss.
00:17:56 You attack the boss.
00:17:56 You attack the boss.
00:17:58 You attack the boss.
00:17:58 Boss loses 1 health.
00:18:00 You attack the boss.
00:18:00 Boss loses 1 health.
00:18:00 You attack the boss.
00:18:00 You attack the boss.
00:18:00 You attack the boss.
00:18:00 You attack the boss.
00:18:00 You attack the boss.
00:18:00 You attack the boss.
00:18:00 You attack the boss.
00:18:00 You attack the boss.
00:18:00 You attack the boss.
00:18:00 You attack the boss.
00:18:00 You attack the boss.
00:18:00 You attack the boss.
00:18:00 You attack the boss.
00:18:00 You attack the boss.
00:18:00 You attack the boss.
00:18:00 You attack the boss.
00:18:00 You attack the boss.
00:18:00 You attack the boss.
00:18:12 You attack the boss.
00:18:12 Boss loses 1 health.
00:18:12 You attack the boss.
00:18:12 You attack the boss.
00:18:12 You attack the boss.
00:18:12 You attack the boss.
00:18:12 You attack the boss.
00:18:12 You attack the boss.
00:18:12 You attack the boss.
00:18:12 You attack the boss.
00:18:12 You attack the boss.
00:18:12 You attack the boss.
00:18:12 You attack the boss.
00:18:12 You attack the boss.
00:18:12 You attack the boss.
00:18:12 You attack the boss.
00:18:13 You attack the boss.
00:18:13 You attack the boss.
00:18:13 You attack the boss.
00:18:13 You attack the boss.
00:18:13 You attack the boss.
00:18:13 Boss loses 1 health.
00:18:13 You attack the boss.
00:18:13 You attack the boss.
00:18:13 You attack the boss.
00:18:13 You attack the boss.
00:18:13 You attack the boss.
00:18:13 You attack the boss.
00:18:13 You attack the boss.
00:18:13 You attack the boss.
00:18:13 You attack the boss.
00:18:13 You attack the boss.
00:18:19 You attack the boss.
00:18:19 Boss loses 1 health.
00:18:19 You attack the boss.
00:18:19 You attack the boss.
00:18:19 You attack the boss.
00:18:19 You attack the boss.
00:18:19 You attack the boss.
00:18:19 You attack the boss.
00:18:19 You attack the boss.
00:18:19 You attack the boss.
00:18:19 You attack the boss.
00:18:19 You attack the boss.
00:18:19 You attack the boss.
00:18:19 You attack the boss.
00:18:19 You attack the boss.
00:18:19 You attack the boss.
00:18:19 You attack the boss.
00:18:19 You attack the boss.
00:18:19 You attack the boss.
00:18:19 You attack the boss.
00:18:22 You attack the boss.
00:18:22 Boss loses 1 health.
00:18:22 You attack the boss.
00:18:22 You attack the boss.
00:18:22 You attack the boss.
00:18:22 You attack the boss.
00:18:22 You attack the boss.
00:18:30 You attack the boss.
00:18:30 Boss loses 1 health.
00:18:30 You attack the boss.
00:18:30 You attack the boss.
00:18:30 You attack the boss.
00:18:30 You attack the boss.
00:18:30 You attack the boss.
00:18:30 You attack the boss.
00:18:30 You attack the boss.
00:18:30 You attack the boss.
00:18:30 You attack the boss.
00:18:30 You attack the boss.
00:18:30 You attack the boss.
00:18:30 You attack the boss.
00:18:30 You attack the boss.
00:18:30 You attack the boss.
00:18:30 You attack the boss.
00:18:30 You attack the boss.
00:18:30 You attack the boss.
00:18:30 You attack the boss.
00:18:32 You attack the boss.
00:18:32 Boss loses 1 health.
00:18:32 You attack the boss.
00:18:32 You attack the boss.
00:18:32 You attack the boss.
00:18:32 You attack the boss.
00:18:32 You attack the boss.
00:18:34 You attack the boss.
00:18:34 Boss loses 1 health.
00:18:34 You attack the boss.
00:18:34 You attack the boss.
00:18:34 You attack the boss.
00:18:34 You attack the boss.
00:18:34 You attack the boss.
00:18:34 You attack the boss.
00:18:34 You attack the boss.
00:18:34 You attack the boss.
00:18:34 You attack the boss.
00:18:34 You attack the boss.
00:18:34 You attack the boss.
00:18:34 You attack the boss.
00:18:34 You attack the boss.
00:18:34 You attack the boss.
00:18:34 You attack the boss.
00:18:34 You attack the boss.
00:18:34 You attack the boss.
00:18:34 You attack the boss.
00:18:34 You attack the boss.
00:18:34 You attack the boss.
00:18:36 You attack the boss.
00:18:36 Boss loses 1 health.
00:18:36 You attack the boss.
00:18:36 You attack the boss.
00:18:36 You attack the boss.
00:18:36 You attack the boss.
00:18:36 You attack the boss.
00:18:36 You attack the boss.
00:18:36 You attack the boss.
00:18:36 You attack the boss.
00:18:36 You attack the boss.
00:18:36 You attack the boss.
00:18:36 You attack the boss.
00:18:36 You attack the boss.
00:18:36 You attack the boss.
00:18:36 You attack the boss.
00:18:40 You attack the boss.
00:18:40 You won the boss. The boss is dead..
00:18:42 Player: +1 key in inventory.
00:18:44 You opened the doors from the boss's room. -1 key in inventory
00:49:41 You attack the boss.
00:49:41 Boss loses 1 health.
00:49:41 You attack the boss.
00:49:41 You attack the boss.
00:49:41 You attack the boss.
00:49:41 You attack the boss.
00:49:41 You attack the boss.
00:49:41 You attack the boss.
00:49:41 You attack the boss.
00:49:41 You attack the boss.
00:49:41 You attack the boss.
00:49:41 You attack the boss.
00:49:41 You attack the boss.
00:49:41 You attack the boss.
00:49:41 You attack the boss.
00:49:41 You attack the boss.
00:49:42 You attack the boss.
00:49:42 You attack the boss.
00:49:42 You attack the boss.
00:49:42 You attack the boss.
00:49:42 You attack the boss.
00:49:42 You attack the boss.
00:49:42 You attack the boss.
00:49:42 You attack the boss.
00:49:42 You attack the boss.
00:49:45 You attack the boss.
00:49:45 Boss loses 1 health.
00:49:45 You attack the boss.
00:49:45 You attack the boss.
00:49:45 You attack the boss.
00:49:45 You attack the boss.
00:49:45 You attack the boss.
00:49:45 You attack the boss.
00:49:45 You attack the boss.
00:49:45 You attack the boss.
00:49:45 You attack the boss.
00:49:45 You attack the boss.
00:49:45 You attack the boss.
00:49:45 You attack the boss.
00:49:45 You attack the boss.
00:49:45 You attack the boss.
00:49:45 You attack the boss.
00:49:45 You attack the boss.
00:49:47 You attack the boss.
00:49:47 Boss loses 1 health.
00:49:47 You attack the boss.
00:49:49 You attack the boss.
00:49:49 Boss loses 1 health.
00:49:49 You attack the boss.
00:49:49 You attack the boss.
00:49:49 You attack the boss.
00:49:49 You attack the boss.
00:49:49 You attack the boss.
00:49:49 You attack the boss.
00:49:49 You attack the boss.
00:49:49 You attack the boss.
00:49:49 You attack the boss.
00:49:49 You attack the boss.
00:49:49 You attack the boss.
00:49:49 You attack the boss.
00:49:49 You attack the boss.
00:49:49 You attack the boss.
00:49:49 You attack the boss.
00:49:49 You attack the boss.
00:49:49 You attack the boss.
00:49:49 You attack the boss.
00:49:52 You attack the boss.
00:49:52 Boss loses 1 health.
00:49:52 You attack the boss.
00:49:52 You attack the boss.
00:49:52 You attack the boss.
00:49:52 You attack the boss.
00:49:52 You attack the boss.
00:49:52 You attack the boss.
00:49:52 You attack the boss.
00:49:52 You attack the boss.
00:49:53 You attack the boss.
00:49:53 Boss loses 1 health.
00:49:53 You attack the boss.
00:49:53 You attack the boss.
00:49:53 You attack the boss.
00:49:54 You attack the boss.
00:49:54 You attack the boss.
00:49:54 You attack the boss.
00:49:54 You attack the boss.
00:49:54 You attack the boss.
00:49:54 You attack the boss.
00:49:54 You attack the boss.
00:49:54 You attack the boss.
00:49:54 You attack the boss.
00:49:54 You attack the boss.
00:49:54 You attack the boss.
00:49:54 You attack the boss.
00:49:54 You attack the boss.
00:49:54 You attack the boss.
00:49:58 You attack the boss.
00:49:58 You won the boss. The boss is dead..
00:50:00 Player: +1 key in inventory.
00:50:03 You opened the doors from the boss's room. -1 key in inventory
00:51:07 You attack the boss.
00:51:07 Boss loses 1 health.
00:51:07 You attack the boss.
00:51:07 You attack the boss.
00:51:07 You attack the boss.
00:51:07 You attack the boss.
00:51:07 You attack the boss.
00:51:07 You attack the boss.
00:51:07 You attack the boss.
00:51:07 You attack the boss.
00:51:07 You attack the boss.
00:51:07 You attack the boss.
00:51:07 You attack the boss.
00:51:07 You attack the boss.
00:51:07 You attack the boss.
00:51:07 You attack the boss.
00:51:07 You attack the boss.
00:51:07 You attack the boss.
00:51:08 You attack the boss.
00:51:08 Boss loses 1 health.
00:51:08 You attack the boss.
00:51:08 You attack the boss.
00:51:08 You attack the boss.
00:51:08 You attack the boss.
00:51:08 You attack the boss.
00:51:08 You attack the boss.
00:51:09 You attack the boss.
00:51:09 You attack the boss.
00:51:09 You attack the boss.
00:51:09 You attack the boss.
00:51:09 You attack the boss.
00:51:09 You attack the boss.
00:51:09 You attack the boss.
00:51:10 You attack the boss.
00:51:10 Boss loses 1 health.
00:51:10 You attack the boss.
00:51:10 You attack the boss.
00:51:10 You attack the boss.
00:51:10 You attack the boss.
00:51:10 You attack the boss.
00:51:10 You attack the boss.
00:51:10 You attack the boss.
00:51:10 You attack the boss.
00:51:10 You attack the boss.
00:51:10 You attack the boss.
00:51:10 You attack the boss.
00:51:10 You attack the boss.
00:51:10 You attack the boss.
00:51:10 You attack the boss.
00:51:10 You attack the boss.
00:51:10 You attack the boss.
00:51:10 You attack the boss.
00:51:10 You attack the boss.
00:51:10 You attack the boss.
00:51:10 You attack the boss.
00:51:10 You attack the boss.
00:51:10 You attack the boss.
00:51:10 You attack the boss.
00:51:12 You attack the boss.
00:51:12 Boss loses 1 health.
00:51:12 You attack the boss.
00:51:12 You attack the boss.
00:51:12 You attack the boss.
00:51:12 You attack the boss.
00:51:12 You attack the boss.
00:51:12 You attack the boss.
00:51:12 You attack the boss.
00:51:12 You attack the boss.
00:51:12 You attack the boss.
00:51:12 You attack the boss.
00:51:12 You attack the boss.
00:51:12 You attack the boss.
00:51:12 You attack the boss.
00:51:12 You attack the boss.
00:51:12 You attack the boss.
00:51:14 You attack the boss.
00:51:14 Boss loses 1 health.
00:51:14 You attack the boss.
00:51:14 You attack the boss.
00:51:14 You attack the boss.
00:51:14 You attack the boss.
00:51:14 You attack the boss.
00:51:14 You attack the boss.
00:51:14 You attack the boss.
00:51:14 You attack the boss.
00:51:14 You attack the boss.
00:51:14 You attack the boss.
00:51:14 You attack the boss.
00:51:14 You attack the boss.
00:51:14 You attack the boss.
00:51:14 You attack the boss.
00:51:14 You attack the boss.
00:51:14 You attack the boss.
00:51:14 You attack the boss.
00:51:14 You attack the boss.
00:51:15 You attack the boss.
00:51:15 Boss loses 1 health.
00:51:15 You attack the boss.
00:51:15 You attack the boss.
00:51:15 You attack the boss.
00:51:15 You attack the boss.
00:51:15 You attack the boss.
00:51:15 You attack the boss.
00:51:15 You attack the boss.
00:51:15 You attack the boss.
00:51:15 You attack the boss.
00:51:15 You attack the boss.
00:51:15 You attack the boss.
00:51:15 You attack the boss.
00:51:15 You attack the boss.
00:51:15 You attack the boss.
00:51:15 You attack the boss.
00:51:15 You attack the boss.
00:51:15 You attack the boss.
00:51:15 You attack the boss.
00:51:15 You attack the boss.
00:51:17 You attack the boss.
00:51:17 You won the boss. The boss is dead..
00:51:18 Player: +1 key in inventory.
00:51:21 You opened the doors from the boss's room. -1 key in inventory
00:52:00 You attack the boss.
00:52:00 Boss loses 1 health.
00:52:00 You attack the boss.
00:52:00 You attack the boss.
00:52:00 You attack the boss.
00:52:00 You attack the boss.
00:52:00 You attack the boss.
00:52:00 You attack the boss.
00:52:00 You attack the boss.
00:52:00 You attack the boss.
00:52:00 You attack the boss.
00:52:00 You attack the boss.
00:52:00 You attack the boss.
00:52:00 You attack the boss.
00:52:00 You attack the boss.
00:52:00 You attack the boss.
00:52:00 You attack the boss.
00:52:00 You attack the boss.
00:52:00 You attack the boss.
00:52:00 You attack the boss.
00:52:00 You attack the boss.
00:52:00 You attack the boss.
00:52:00 You attack the boss.
00:52:00 You attack the boss.
00:52:05 You attack the boss.
00:52:05 Boss loses 1 health.
00:52:05 You attack the boss.
00:52:05 You attack the boss.
00:52:05 You attack the boss.
00:52:05 You attack the boss.
00:52:05 You attack the boss.
00:52:05 You attack the boss.
00:52:05 You attack the boss.
00:52:05 You attack the boss.
00:52:05 You attack the boss.
00:52:05 You attack the boss.
00:52:05 You attack the boss.
00:52:05 You attack the boss.
00:52:05 You attack the boss.
00:52:05 You attack the boss.
00:52:05 You attack the boss.
00:52:05 You attack the boss.
00:52:05 You attack the boss.
00:52:05 You attack the boss.
00:52:05 You attack the boss.
00:52:09 You attack the boss.
00:52:09 Boss loses 1 health.
00:52:09 You attack the boss.
00:52:09 You attack the boss.
00:52:09 You attack the boss.
00:52:09 You attack the boss.
00:52:09 You attack the boss.
00:52:09 You attack the boss.
00:52:09 You attack the boss.
00:52:09 You attack the boss.
00:52:09 You attack the boss.
00:52:09 You attack the boss.
00:52:09 You attack the boss.
00:52:09 You attack the boss.
00:52:09 You attack the boss.
00:52:09 You attack the boss.
00:52:09 You attack the boss.
00:52:09 You attack the boss.
00:52:09 You attack the boss.
00:52:09 You attack the boss.
00:52:09 You attack the boss.
00:52:09 You attack the boss.
00:52:09 You attack the boss.
00:52:09 You attack the boss.
00:52:09 You attack the boss.
00:52:09 You attack the boss.
00:52:11 You attack the boss.
00:52:11 Boss loses 1 health.
00:52:11 You attack the boss.
00:52:11 You attack the boss.
00:52:11 You attack the boss.
00:52:11 You attack the boss.
00:52:11 You attack the boss.
00:52:11 You attack the boss.
00:52:11 You attack the boss.
00:52:11 You attack the boss.
00:52:11 You attack the boss.
00:52:11 You attack the boss.
00:52:11 You attack the boss.
00:52:11 You attack the boss.
00:52:11 You attack the boss.
00:52:11 You attack the boss.
00:52:11 You attack the boss.
00:52:11 You attack the boss.
00:52:13 You attack the boss.
00:52:13 Boss loses 1 health.
00:52:13 You attack the boss.
00:52:13 You attack the boss.
00:52:13 You attack the boss.
00:54:47 You attack the boss.
00:54:47 Boss loses 1 health.
00:54:47 You attack the boss.
00:54:47 You attack the boss.
00:54:47 You attack the boss.
00:54:47 You attack the boss.
00:54:47 You attack the boss.
00:54:47 You attack the boss.
00:54:47 You attack the boss.
00:54:47 You attack the boss.
00:54:47 You attack the boss.
00:54:47 You attack the boss.
00:54:47 You attack the boss.
00:54:47 You attack the boss.
00:54:47 You attack the boss.
00:54:47 You attack the boss.
00:54:47 You attack the boss.
00:54:47 You attack the boss.
00:54:47 You attack the boss.
00:54:47 You attack the boss.
00:54:47 You attack the boss.
00:54:47 You attack the boss.
00:55:02 You attack the boss.
00:55:02 Boss loses 1 health.
00:55:02 You attack the boss.
00:55:02 You attack the boss.
00:55:02 You attack the boss.
00:55:02 You attack the boss.
00:55:02 You attack the boss.
00:55:02 You attack the boss.
00:55:02 You attack the boss.
00:55:02 You attack the boss.
00:55:02 You attack the boss.
00:55:02 You attack the boss.
00:55:02 You attack the boss.
00:55:02 You attack the boss.
00:55:02 You attack the boss.
00:55:02 You attack the boss.
00:55:31 You attack the boss.
00:55:31 Boss loses 1 health.
00:55:31 You attack the boss.
00:55:31 You attack the boss.
00:55:31 You attack the boss.
00:55:31 You attack the boss.
00:55:31 You attack the boss.
00:55:31 You attack the boss.
00:55:31 You attack the boss.
00:55:31 You attack the boss.
00:55:31 You attack the boss.
00:55:31 You attack the boss.
00:55:31 You attack the boss.
00:55:31 You attack the boss.
00:55:31 You attack the boss.
00:55:31 You attack the boss.
00:55:31 You attack the boss.
00:55:31 You attack the boss.
00:55:31 You attack the boss.
00:55:43 You attack the boss.
00:55:43 Boss loses 1 health.
00:55:43 You attack the boss.
00:55:44 You attack the boss.
00:55:44 You attack the boss.
00:55:44 You attack the boss.
00:55:44 You attack the boss.
00:55:44 You attack the boss.
00:55:44 You attack the boss.
00:55:44 You attack the boss.
00:55:44 You attack the boss.
00:55:44 You attack the boss.
00:55:44 You attack the boss.
00:55:44 You attack the boss.
00:55:44 You attack the boss.
00:55:44 You attack the boss.
00:55:44 You attack the boss.
00:55:44 You attack the boss.
00:55:44 You attack the boss.
00:55:44 You attack the boss.
00:55:44 You attack the boss.
00:55:44 You attack the boss.
00:55:47 You attack the boss.
00:55:47 Boss loses 1 health.
00:55:47 You attack the boss.
00:55:47 You attack the boss.
00:55:47 You attack the boss.
00:55:47 You attack the boss.
00:55:47 You attack the boss.
00:55:47 You attack the boss.
00:55:47 You attack the boss.
00:55:47 You attack the boss.
00:55:47 You attack the boss.
00:55:47 You attack the boss.
00:55:47 You attack the boss.
00:55:47 You attack the boss.
00:55:47 You attack the boss.
00:55:47 You attack the boss.
00:55:47 You attack the boss.
00:55:47 You attack the boss.
00:55:47 You attack the boss.
00:55:47 You attack the boss.
00:55:51 You attack the boss.
00:55:51 Boss loses 1 health.
00:55:51 You attack the boss.
00:55:51 You attack the boss.
00:55:51 You attack the boss.
00:55:51 You attack the boss.
00:55:51 You attack the boss.
00:55:51 You attack the boss.
00:55:51 You attack the boss.
00:55:51 You attack the boss.
00:55:51 You attack the boss.
00:55:51 You attack the boss.
00:55:51 You attack the boss.
00:55:51 You attack the boss.
00:55:51 You attack the boss.
00:55:51 You attack the boss.
00:55:51 You attack the boss.
00:55:54 You attack the boss.
00:55:54 Boss loses 1 health.
00:55:54 You attack the boss.
00:55:54 You attack the boss.
00:55:54 You attack the boss.
00:55:54 You attack the boss.
00:55:54 You attack the boss.
00:55:54 You attack the boss.
00:55:54 You attack the boss.
00:55:54 You attack the boss.
00:55:54 You attack the boss.
00:55:54 You attack the boss.
00:55:54 You attack the boss.
00:55:54 You attack the boss.
00:55:54 You attack the boss.
00:55:54 You attack the boss.
00:56:00 You attack the boss.
00:56:00 Boss loses 1 health.
00:56:00 You attack the boss.
00:56:00 You attack the boss.
00:56:00 You attack the boss.
00:56:00 You attack the boss.
00:56:01 You attack the boss.
00:56:01 You attack the boss.
00:56:01 You attack the boss.
00:56:01 You attack the boss.
00:56:03 You attack the boss.
00:56:03 Boss loses 1 health.
00:56:03 You attack the boss.
00:56:03 You attack the boss.
00:56:03 You attack the boss.
00:56:03 You attack the boss.
00:56:03 You attack the boss.
00:56:04 You attack the boss.
00:56:04 You attack the boss.
00:56:04 You attack the boss.
00:56:04 You attack the boss.
00:56:04 You attack the boss.
00:56:04 You attack the boss.
00:56:04 You attack the boss.
00:56:04 You attack the boss.
00:56:04 You attack the boss.
00:56:04 You attack the boss.
00:56:04 You attack the boss.
00:56:04 You attack the boss.
00:56:04 You attack the boss.
00:56:04 You attack the boss.
00:56:04 You attack the boss.
00:56:05 You attack the boss.
00:56:05 You won the boss. The boss is dead..
00:56:06 Player: +1 key in inventory.
00:56:08 You opened the doors from the boss's room. -1 key in inventory
00:56:59 You attack the boss.
00:56:59 Boss loses 1 health.
00:56:59 You attack the boss.
00:56:59 You attack the boss.
00:56:59 You attack the boss.
00:56:59 You attack the boss.
00:56:59 You attack the boss.
00:56:59 You attack the boss.
00:56:59 You attack the boss.
00:56:59 You attack the boss.
00:56:59 You attack the boss.
00:56:59 You attack the boss.
00:56:59 You attack the boss.
00:56:59 You attack the boss.
00:56:59 You attack the boss.
00:56:59 You attack the boss.
00:56:59 You attack the boss.
00:57:01 You attack the boss.
00:57:01 Boss loses 1 health.
00:57:01 You attack the boss.
00:57:01 You attack the boss.
00:57:01 You attack the boss.
00:57:01 You attack the boss.
00:57:01 You attack the boss.
00:57:01 You attack the boss.
00:57:01 You attack the boss.
00:57:01 You attack the boss.
00:57:01 You attack the boss.
00:57:01 You attack the boss.
00:57:01 You attack the boss.
00:57:01 You attack the boss.
00:57:01 You attack the boss.
00:57:01 You attack the boss.
00:57:01 You attack the boss.
00:57:01 You attack the boss.
00:57:01 You attack the boss.
00:57:03 You attack the boss.
00:57:03 Boss loses 1 health.
00:57:03 You attack the boss.
00:57:03 You attack the boss.
00:57:06 You attack the boss.
00:57:06 Boss loses 1 health.
00:57:06 You attack the boss.
00:57:06 You attack the boss.
00:57:06 You attack the boss.
00:57:06 You attack the boss.
00:57:06 You attack the boss.
00:57:06 You attack the boss.
00:57:06 You attack the boss.
00:57:06 You attack the boss.
00:57:06 You attack the boss.
00:57:06 You attack the boss.
00:57:06 You attack the boss.
00:57:06 You attack the boss.
00:57:06 You attack the boss.
00:57:06 You attack the boss.
00:57:06 You attack the boss.
00:57:06 You attack the boss.
00:57:06 You attack the boss.
00:57:06 You attack the boss.
00:57:06 You attack the boss.
00:57:07 You attack the boss.
00:57:07 Boss loses 1 health.
00:57:07 You attack the boss.
00:57:07 You attack the boss.
00:57:08 You attack the boss.
00:57:08 You attack the boss.
00:57:08 You attack the boss.
00:57:08 You attack the boss.
00:57:08 You attack the boss.
00:57:08 You attack the boss.
00:57:08 You attack the boss.
00:57:08 You attack the boss.
00:57:08 You attack the boss.
00:57:08 You attack the boss.
00:57:08 You attack the boss.
00:57:08 You attack the boss.
00:57:08 You attack the boss.
00:57:08 You attack the boss.
00:57:08 You attack the boss.
00:57:08 You attack the boss.
00:57:08 You attack the boss.
00:57:08 You attack the boss.
00:57:08 You attack the boss.
00:57:08 You attack the boss.
00:57:08 You attack the boss.
00:57:22 You attack the boss.
00:57:22 Boss loses 1 health.
00:57:22 You attack the boss.
00:57:22 You attack the boss.
00:57:22 You attack the boss.
00:57:22 You attack the boss.
00:57:22 You attack the boss.
00:57:22 You attack the boss.
00:57:22 You attack the boss.
00:57:22 You attack the boss.
00:57:22 You attack the boss.
00:57:22 You attack the boss.
00:57:22 You attack the boss.
00:57:22 You attack the boss.
00:57:22 You attack the boss.
00:57:22 You attack the boss.
00:57:22 You attack the boss.
00:57:22 You attack the boss.
00:57:22 You attack the boss.
00:57:22 You attack the boss.
00:57:22 You attack the boss.
00:57:22 You attack the boss.
00:57:22 You attack the boss.
00:57:22 You attack the boss.
00:57:22 You attack the boss.
00:57:22 You attack the boss.
00:57:24 You attack the boss.
00:57:24 Boss loses 1 health.
00:57:24 You attack the boss.
00:57:24 You attack the boss.
00:57:24 You attack the boss.
00:57:24 You attack the boss.
00:57:24 You attack the boss.
00:57:24 You attack the boss.
00:57:24 You attack the boss.
00:57:24 You attack the boss.
00:57:26 You attack the boss.
00:57:26 Boss loses 1 health.
00:57:26 You attack the boss.
00:57:26 You attack the boss.
00:57:26 You attack the boss.
00:57:26 You attack the boss.
00:57:26 You attack the boss.
00:57:26 You attack the boss.
00:57:26 You attack the boss.
00:57:26 You attack the boss.
00:57:26 You attack the boss.
00:57:26 You attack the boss.
00:57:26 You attack the boss.
00:57:26 You attack the boss.
00:57:26 You attack the boss.
00:57:26 You attack the boss.
00:57:26 You attack the boss.
00:57:26 You attack the boss.
00:57:26 You attack the boss.
00:57:26 You attack the boss.
00:57:26 You attack the boss.
00:57:26 You attack the boss.
00:57:26 You attack the boss.
00:57:26 You attack the boss.
00:57:26 You attack the boss.
00:57:26 You attack the boss.
00:57:29 You attack the boss.
00:57:29 Boss loses 1 health.
00:57:29 You attack the boss.
00:57:29 You attack the boss.
00:57:29 You attack the boss.
00:57:29 You attack the boss.
00:57:29 You attack the boss.
00:57:29 You attack the boss.
00:57:29 You attack the boss.
00:57:29 You attack the boss.
00:57:29 You attack the boss.
00:57:29 You attack the boss.
00:57:29 You attack the boss.
00:57:29 You attack the boss.
00:57:29 You attack the boss.
00:57:29 You attack the boss.
00:57:29 You attack the boss.
00:57:29 You attack the boss.
00:57:29 You attack the boss.
00:57:29 You attack the boss.
00:57:32 You attack the boss.
00:57:32 Boss loses 1 health.
00:57:32 You attack the boss.
00:57:32 You attack the boss.
00:57:32 You attack the boss.
00:57:32 You attack the boss.
00:57:32 You attack the boss.
00:57:32 You attack the boss.
00:57:32 You attack the boss.
00:57:32 You attack the boss.
00:57:32 You attack the boss.
00:57:32 You attack the boss.
00:57:32 You attack the boss.
00:57:32 You attack the boss.
00:57:32 You attack the boss.
00:57:32 You attack the boss.
00:57:32 You attack the boss.
00:57:32 You attack the boss.
00:57:32 You attack the boss.
00:57:33 You attack the boss.
00:57:33 Boss loses 1 health.
00:57:33 You attack the boss.
00:57:33 You attack the boss.
00:57:33 You attack the boss.
00:57:33 You attack the boss.
00:57:33 You attack the boss.
00:57:33 You attack the boss.
00:57:33 You attack the boss.
00:57:33 You attack the boss.
00:57:33 You attack the boss.
00:57:34 You attack the boss.
00:57:34 You attack the boss.
00:57:34 You attack the boss.
00:57:34 You attack the boss.
00:57:34 You attack the boss.
00:57:45 You attack the boss.
00:57:45 Boss loses 1 health.
00:57:45 You attack the boss.
00:57:45 You attack the boss.
00:57:45 You attack the boss.
00:57:45 You attack the boss.
00:57:45 You attack the boss.
00:57:45 You attack the boss.
00:57:45 You attack the boss.
00:57:45 You attack the boss.
00:57:45 You attack the boss.
00:57:45 You attack the boss.
00:57:45 You attack the boss.
00:57:45 You attack the boss.
00:57:45 You attack the boss.
00:57:45 You attack the boss.
00:57:45 You attack the boss.
00:57:45 You attack the boss.
00:57:45 You attack the boss.
00:57:45 You attack the boss.
00:57:49 You attack the boss.
00:57:49 Boss loses 1 health.
00:57:49 You attack the boss.
00:57:49 You attack the boss.
00:57:49 You attack the boss.
00:57:49 You attack the boss.
00:57:49 You attack the boss.
00:57:49 You attack the boss.
00:57:49 You attack the boss.
00:57:49 You attack the boss.
00:57:49 You attack the boss.
00:57:49 You attack the boss.
00:57:49 You attack the boss.
00:57:49 You attack the boss.
00:57:49 You attack the boss.
00:57:49 You attack the boss.
00:57:49 You attack the boss.
00:57:49 You attack the boss.
00:57:51 You attack the boss.
00:57:51 Boss loses 1 health.
00:57:51 You attack the boss.
00:57:51 You attack the boss.
00:57:51 You attack the boss.
00:57:51 You attack the boss.
00:57:51 You attack the boss.
00:57:51 You attack the boss.
00:57:51 You attack the boss.
00:57:51 You attack the boss.
00:57:51 You attack the boss.
00:57:51 You attack the boss.
00:57:51 You attack the boss.
00:57:51 You attack the boss.
00:57:51 You attack the boss.
00:57:51 You attack the boss.
00:57:51 You attack the boss.
00:57:51 You attack the boss.
00:57:51 You attack the boss.
00:57:55 You attack the boss.
00:57:55 Boss loses 1 health.
00:57:55 You attack the boss.
00:57:55 You attack the boss.
00:57:55 You attack the boss.
00:57:55 You attack the boss.
00:57:55 You attack the boss.
00:57:55 You attack the boss.
00:57:55 You attack the boss.
00:57:55 You attack the boss.
00:57:55 You attack the boss.
00:57:55 You attack the boss.
00:57:55 You attack the boss.
00:57:55 You attack the boss.
00:57:55 You attack the boss.
00:57:55 You attack the boss.
00:57:55 You attack the boss.
00:57:55 You attack the boss.
00:58:00 You attack the boss.
00:58:00 Boss loses 1 health.
00:58:00 You attack the boss.
00:58:00 You attack the boss.
00:58:00 You attack the boss.
00:58:00 You attack the boss.
00:58:00 You attack the boss.
00:58:00 You attack the boss.
00:58:00 You attack the boss.
00:58:00 You attack the boss.
00:58:00 You attack the boss.
00:58:00 You attack the boss.
00:58:00 You attack the boss.
00:58:00 You attack the boss.
00:58:00 You attack the boss.
00:58:00 You attack the boss.
00:58:00 You attack the boss.
00:58:00 You attack the boss.
00:58:00 You attack the boss.
00:58:00 You attack the boss.
00:58:00 You attack the boss.
00:58:00 You attack the boss.
00:58:00 You attack the boss.
00:58:00 You attack the boss.
00:58:20 You attack the boss.
00:58:20 Boss loses 1 health.
00:58:20 You attack the boss.
00:58:20 You attack the boss.
00:58:20 You attack the boss.
00:58:20 You attack the boss.
00:58:20 You attack the boss.
00:58:20 You attack the boss.
00:58:20 You attack the boss.
00:58:20 You attack the boss.
00:58:20 You attack the boss.
00:58:20 You attack the boss.
00:58:20 You attack the boss.
00:58:20 You attack the boss.
00:58:20 You attack the boss.
00:58:20 You attack the boss.
00:58:22 You attack the boss.
00:58:22 Boss loses 1 health.
00:58:22 You attack the boss.
00:58:22 You attack the boss.
00:58:22 You attack the boss.
00:58:22 You attack the boss.
00:58:22 You attack the boss.
00:58:22 You attack the boss.
00:58:22 You attack the boss.
00:58:22 You attack the boss.
00:58:22 You attack the boss.
00:58:24 You attack the boss.
00:58:24 Boss loses 1 health.
00:58:24 You attack the boss.
00:58:24 You attack the boss.
00:58:24 You attack the boss.
00:58:24 You attack the boss.
00:58:24 You attack the boss.
00:58:25 You attack the boss.
00:58:25 You attack the boss.
00:58:25 You attack the boss.
00:58:25 You attack the boss.
00:58:25 You attack the boss.
00:58:25 You attack the boss.
00:58:25 You attack the boss.
00:58:25 You attack the boss.
00:58:25 You attack the boss.
00:58:25 You attack the boss.
00:58:27 You attack the boss.
00:58:27 Boss loses 1 health.
00:58:28 You attack the boss.
00:58:28 You attack the boss.
00:58:28 You attack the boss.
00:58:28 You attack the boss.
00:58:28 You attack the boss.
00:58:28 You attack the boss.
00:58:28 You attack the boss.
00:58:28 You attack the boss.
00:58:28 You attack the boss.
00:58:28 You attack the boss.
00:58:28 You attack the boss.
00:58:28 You attack the boss.
00:58:28 You attack the boss.
00:58:28 You attack the boss.
00:58:28 You attack the boss.
00:58:28 You attack the boss.
00:58:28 You attack the boss.
00:58:28 You attack the boss.
00:58:28 You attack the boss.
00:58:30 You attack the boss.
00:58:30 Boss loses 1 health.
00:58:30 You attack the boss.
00:58:30 You attack the boss.
00:58:30 You attack the boss.
00:58:30 You attack the boss.
00:58:30 You attack the boss.
00:58:30 You attack the boss.
00:58:30 You attack the boss.
00:58:30 You attack the boss.
00:58:30 You attack the boss.
00:58:30 You attack the boss.
00:58:30 You attack the boss.
00:58:30 You attack the boss.
00:58:30 You attack the boss.
00:58:30 You attack the boss.
00:58:32 You attack the boss.
00:58:32 Boss loses 1 health.
00:58:32 You attack the boss.
00:58:32 You attack the boss.
00:58:32 You attack the boss.
00:58:32 You attack the boss.
00:58:32 You attack the boss.
00:58:32 You attack the boss.
00:58:32 You attack the boss.
00:58:32 You attack the boss.
00:58:32 You attack the boss.
00:58:32 You attack the boss.
00:58:32 You attack the boss.
00:58:32 You attack the boss.
00:58:32 You attack the boss.
00:58:32 You attack the boss.
00:58:32 You attack the boss.
00:58:32 You attack the boss.
00:58:32 You attack the boss.
00:58:32 You attack the boss.
00:58:32 You attack the boss.
00:58:32 You attack the boss.
00:58:32 You attack the boss.
00:58:34 You attack the boss.
00:58:34 You won the boss. The boss is dead..
00:58:35 Player: +1 key in inventory.
00:58:38 You opened the doors from the boss's room. -1 key in inventory
01:00:18 You attack the boss.
01:00:18 Boss loses 1 health.
01:00:18 You attack the boss.
01:00:18 You attack the boss.
01:00:18 You attack the boss.
01:00:18 You attack the boss.
01:00:18 You attack the boss.
01:00:18 You attack the boss.
01:00:18 You attack the boss.
01:00:18 You attack the boss.
01:00:18 You attack the boss.
01:00:18 You attack the boss.
01:00:18 You attack the boss.
01:00:18 You attack the boss.
01:00:18 You attack the boss.
01:00:18 You attack the boss.
01:00:18 You attack the boss.
01:00:18 You attack the boss.
01:00:18 You attack the boss.
01:00:18 You attack the boss.
01:00:19 You attack the boss.
01:00:19 Boss loses 1 health.
01:00:19 You attack the boss.
01:00:19 You attack the boss.
01:00:19 You attack the boss.
01:00:19 You attack the boss.
01:00:19 You attack the boss.
01:00:19 You attack the boss.
01:00:19 You attack the boss.
01:00:19 You attack the boss.
01:00:19 You attack the boss.
01:00:19 You attack the boss.
01:00:19 You attack the boss.
01:00:19 You attack the boss.
01:00:19 You attack the boss.
01:00:19 You attack the boss.
01:00:19 You attack the boss.
01:00:19 You attack the boss.
01:00:19 You attack the boss.
01:00:20 You attack the boss.
01:00:21 You attack the boss.
01:00:21 Boss loses 1 health.
01:00:29 You attack the boss.
01:00:29 Boss loses 1 health.
01:00:29 You attack the boss.
01:00:29 You attack the boss.
01:00:29 You attack the boss.
01:00:29 You attack the boss.
01:00:29 You attack the boss.
01:00:29 You attack the boss.
01:00:29 You attack the boss.
01:00:29 You attack the boss.
01:00:29 You attack the boss.
01:00:32 You attack the boss.
01:00:32 Boss loses 1 health.
01:00:32 You attack the boss.
01:00:32 You attack the boss.
01:00:32 You attack the boss.
01:00:32 You attack the boss.
01:00:32 You attack the boss.
01:00:32 You attack the boss.
01:00:32 You attack the boss.
01:00:32 You attack the boss.
01:00:32 You attack the boss.
01:00:32 You attack the boss.
01:00:32 You attack the boss.
01:00:32 You attack the boss.
01:00:32 You attack the boss.
01:00:32 You attack the boss.
01:00:32 You attack the boss.
01:00:32 You attack the boss.
01:00:32 You attack the boss.
01:00:36 You attack the boss.
01:00:36 Boss loses 1 health.
01:00:36 You attack the boss.
01:00:36 You attack the boss.
01:00:36 You attack the boss.
01:00:36 You attack the boss.
01:00:36 You attack the boss.
01:00:36 You attack the boss.
01:00:36 You attack the boss.
01:00:36 You attack the boss.
01:00:36 You attack the boss.
01:00:36 You attack the boss.
01:00:36 You attack the boss.
01:00:36 You attack the boss.
01:00:36 You attack the boss.
01:00:36 You attack the boss.
01:00:36 You attack the boss.
01:00:36 You attack the boss.
01:00:36 You attack the boss.
01:00:36 You attack the boss.
01:00:36 You attack the boss.
01:00:38 You attack the boss.
01:00:38 Boss loses 1 health.
01:00:38 You attack the boss.
01:00:38 You attack the boss.
01:00:38 You attack the boss.
01:00:38 You attack the boss.
01:00:38 You attack the boss.
01:00:38 You attack the boss.
01:00:39 You attack the boss.
01:00:39 You attack the boss.
01:00:39 You attack the boss.
01:00:39 You attack the boss.
01:00:39 You attack the boss.
01:00:39 You attack the boss.
01:00:39 You attack the boss.
01:00:39 You attack the boss.
01:00:39 You attack the boss.
01:00:39 You attack the boss.
01:00:39 You attack the boss.
01:00:39 You attack the boss.
01:00:39 You attack the boss.
01:00:39 You attack the boss.
01:00:39 You attack the boss.
01:00:41 You attack the boss.
01:00:41 Boss loses 1 health.
01:00:44 You attack the boss.
01:00:44 Boss loses 1 health.
01:00:44 You attack the boss.
01:00:44 You attack the boss.
01:00:45 You attack the boss.
01:00:45 You attack the boss.
01:00:45 You attack the boss.
01:00:45 You attack the boss.
01:00:45 You attack the boss.
01:00:45 You attack the boss.
01:00:45 You attack the boss.
01:00:45 You attack the boss.
01:00:45 You attack the boss.
01:00:45 You attack the boss.
01:00:45 You attack the boss.
01:00:45 You attack the boss.
01:00:45 You attack the boss.
01:00:45 You attack the boss.
01:00:45 You attack the boss.
01:00:45 You attack the boss.
01:00:50 You attack the boss.
01:00:50 Boss loses 1 health.
01:00:50 You attack the boss.
01:00:50 You attack the boss.
01:00:50 You attack the boss.
01:00:50 You attack the boss.
01:00:50 You attack the boss.
01:00:50 You attack the boss.
01:00:50 You attack the boss.
01:00:50 You attack the boss.
01:00:50 You attack the boss.
01:00:50 You attack the boss.
01:00:50 You attack the boss.
01:00:50 You attack the boss.
01:00:50 You attack the boss.
01:00:50 You attack the boss.
01:00:50 You attack the boss.
01:00:50 You attack the boss.
01:00:50 You attack the boss.
01:00:50 You attack the boss.
01:00:52 You attack the boss.
01:00:52 Boss loses 1 health.
01:00:52 You attack the boss.
01:00:52 You attack the boss.
01:00:52 You attack the boss.
01:00:52 You attack the boss.
01:00:52 You attack the boss.
01:00:52 You attack the boss.
01:00:52 You attack the boss.
01:00:52 You attack the boss.
01:00:52 You attack the boss.
01:00:52 You attack the boss.
01:00:52 You attack the boss.
01:00:52 You attack the boss.
01:00:52 You attack the boss.
01:00:52 You attack the boss.
01:00:52 You attack the boss.
01:00:52 You attack the boss.
01:00:52 You attack the boss.
01:00:52 You attack the boss.
01:00:52 You attack the boss.
01:00:52 You attack the boss.
01:00:53 You attack the boss.
01:00:53 Boss loses 1 health.
01:00:53 You attack the boss.
01:00:53 You attack the boss.
01:00:53 You attack the boss.
01:00:57 You attack the boss.
01:00:57 Boss loses 1 health.
01:00:57 You attack the boss.
01:00:57 You attack the boss.
01:00:57 You attack the boss.
01:00:57 You attack the boss.
01:00:57 You attack the boss.
01:00:57 You attack the boss.
01:00:57 You attack the boss.
01:00:57 You attack the boss.
01:00:57 You attack the boss.
01:00:57 You attack the boss.
01:00:57 You attack the boss.
01:00:57 You attack the boss.
01:00:57 You attack the boss.
01:00:57 You attack the boss.
01:00:57 You attack the boss.
01:00:57 You attack the boss.
01:00:57 You attack the boss.
01:00:57 You attack the boss.
01:00:57 You attack the boss.
01:00:57 You attack the boss.
01:00:57 You attack the boss.
01:01:00 You attack the boss.
01:01:00 Boss loses 1 health.
01:01:00 You attack the boss.
01:01:00 You attack the boss.
01:01:02 You attack the boss.
01:01:02 Boss loses 1 health.
01:01:02 You attack the boss.
01:01:02 You attack the boss.
01:01:02 You attack the boss.
01:01:02 You attack the boss.
01:01:02 You attack the boss.
01:01:02 You attack the boss.
01:01:02 You attack the boss.
01:01:02 You attack the boss.
01:01:02 You attack the boss.
01:01:02 You attack the boss.
01:01:02 You attack the boss.
01:01:02 You attack the boss.
01:01:02 You attack the boss.
01:01:02 You attack the boss.
01:01:02 You attack the boss.
01:01:02 You attack the boss.
01:01:02 You attack the boss.
01:01:02 You attack the boss.
01:01:02 You attack the boss.
01:01:11 You attack the boss.
01:01:11 Boss loses 1 health.
01:01:11 You attack the boss.
01:01:11 You attack the boss.
01:01:11 You attack the boss.
01:01:11 You attack the boss.
01:01:11 You attack the boss.
01:01:13 You attack the boss.
01:01:13 Boss loses 1 health.
01:01:13 You attack the boss.
01:01:13 You attack the boss.
01:01:13 You attack the boss.
01:01:13 You attack the boss.
01:01:13 You attack the boss.
01:01:13 You attack the boss.
01:01:13 You attack the boss.
01:01:13 You attack the boss.
01:01:13 You attack the boss.
01:01:13 You attack the boss.
01:01:13 You attack the boss.
01:01:14 You attack the boss.
01:01:14 You attack the boss.
01:01:14 You attack the boss.
01:01:14 You attack the boss.
01:01:14 You attack the boss.
01:01:14 You attack the boss.
01:01:14 You attack the boss.
01:01:14 You attack the boss.
01:01:14 You attack the boss.
01:01:14 You attack the boss.
01:01:19 You attack the boss.
01:01:19 Boss loses 1 health.
01:01:19 You attack the boss.
01:01:19 You attack the boss.
01:01:19 You attack the boss.
01:01:19 You attack the boss.
01:01:19 You attack the boss.
01:01:19 You attack the boss.
01:01:19 You attack the boss.
01:01:19 You attack the boss.
01:01:19 You attack the boss.
01:01:19 You attack the boss.
01:01:19 You attack the boss.
01:01:19 You attack the boss.
01:01:19 You attack the boss.
01:01:19 You attack the boss.
01:01:19 You attack the boss.
01:01:19 You attack the boss.
01:01:19 You attack the boss.
01:01:19 You attack the boss.
01:01:23 You attack the boss.
01:01:23 You won the boss. The boss is dead..
01:01:32 You attack the boss.
01:01:32 Boss loses 1 health.
01:01:32 You attack the boss.
01:01:32 You attack the boss.
01:01:32 You attack the boss.
01:01:32 You attack the boss.
01:01:32 You attack the boss.
01:01:32 You attack the boss.
01:01:32 You attack the boss.
01:01:32 You attack the boss.
01:01:32 You attack the boss.
01:01:32 You attack the boss.
01:01:32 You attack the boss.
01:01:32 You attack the boss.
01:01:32 You attack the boss.
01:01:32 You attack the boss.
01:01:32 You attack the boss.
01:01:34 You attack the boss.
01:01:34 Boss loses 1 health.
01:01:34 You attack the boss.
01:01:34 You attack the boss.
01:01:34 You attack the boss.
01:01:34 You attack the boss.
01:01:34 You attack the boss.
01:01:34 You attack the boss.
01:01:34 You attack the boss.
01:01:34 You attack the boss.
01:01:34 You attack the boss.
01:01:34 You attack the boss.
01:01:34 You attack the boss.
01:01:34 You attack the boss.
01:01:34 You attack the boss.
01:01:34 You attack the boss.
01:01:34 You attack the boss.
01:01:34 You attack the boss.
01:01:34 You attack the boss.
01:01:34 You attack the boss.
01:01:34 You attack the boss.
01:01:34 You attack the boss.
01:01:34 You attack the boss.
01:01:34 You attack the boss.
01:01:36 You attack the boss.
01:01:36 Boss loses 1 health.
01:01:36 You attack the boss.
01:01:36 You attack the boss.
01:01:36 You attack the boss.
01:01:36 You attack the boss.
01:01:36 You attack the boss.
01:01:36 You attack the boss.
01:01:36 You attack the boss.
01:01:36 You attack the boss.
01:01:36 You attack the boss.
01:01:36 You attack the boss.
01:01:36 You attack the boss.
01:01:36 You attack the boss.
01:01:36 You attack the boss.
01:01:36 You attack the boss.
01:01:37 You attack the boss.
01:01:37 Boss loses 1 health.
01:01:37 You attack the boss.
01:01:37 You attack the boss.
01:01:37 You attack the boss.
01:01:37 You attack the boss.
01:01:37 You attack the boss.
01:01:37 You attack the boss.
01:01:37 You attack the boss.
01:01:37 You attack the boss.
01:01:37 You attack the boss.
01:01:37 You attack the boss.
01:01:37 You attack the boss.
01:01:37 You attack the boss.
01:01:37 You attack the boss.
01:01:37 You attack the boss.
01:01:37 You attack the boss.
01:01:37 You attack the boss.
01:01:37 You attack the boss.
01:01:37 You attack the boss.
01:01:39 You attack the boss.
01:01:39 Boss loses 1 health.
01:01:39 You attack the boss.
01:01:39 You attack the boss.
01:01:39 You attack the boss.
01:01:40 You attack the boss.
01:01:40 Boss loses 1 health.
01:01:40 You attack the boss.
01:01:40 You attack the boss.
01:01:40 You attack the boss.
01:01:40 You attack the boss.
01:01:40 You attack the boss.
01:01:40 You attack the boss.
01:01:40 You attack the boss.
01:01:40 You attack the boss.
01:01:40 You attack the boss.
01:01:40 You attack the boss.
01:01:40 You attack the boss.
01:01:40 You attack the boss.
01:01:40 You attack the boss.
01:01:40 You attack the boss.
01:01:40 You attack the boss.
01:01:40 You attack the boss.
01:01:40 You attack the boss.
01:01:45 You attack the boss.
01:01:45 You won the boss. The boss is dead..
01:01:46 Player: +1 key in inventory.
01:01:48 You opened the doors from the boss's room. -1 key in inventory
01:01:56 You attack the boss.
01:01:56 Boss loses 1 health.
01:01:56 You attack the boss.
01:01:57 You attack the boss.
01:01:57 You attack the boss.
01:01:57 You attack the boss.
01:01:57 You attack the boss.
01:01:57 You attack the boss.
01:01:57 You attack the boss.
01:01:57 You attack the boss.
01:01:57 You attack the boss.
01:01:57 You attack the boss.
01:01:57 You attack the boss.
19:08:35 You attack the boss.
19:08:35 Boss loses 1 health.
19:08:35 You attack the boss.
19:08:35 You attack the boss.
19:08:35 You attack the boss.
19:08:35 You attack the boss.
19:08:35 You attack the boss.
19:08:35 You attack the boss.
19:08:35 You attack the boss.
19:08:35 You attack the boss.
19:08:35 You attack the boss.
19:08:35 You attack the boss.
19:08:35 You attack the boss.
19:08:35 You attack the boss.
19:08:35 You attack the boss.
19:08:35 You attack the boss.
19:08:35 You attack the boss.
19:08:35 You attack the boss.
19:08:35 You attack the boss.
19:08:35 You attack the boss.
19:08:35 You attack the boss.
19:08:35 You attack the boss.
19:08:35 You attack the boss.
19:08:35 You attack the boss.
19:08:35 You attack the boss.
19:08:35 You attack the boss.
19:08:35 You attack the boss.
19:08:35 You attack the boss.
19:08:35 You attack the boss.
19:08:35 You attack the boss.
19:08:35 You attack the boss.
19:08:35 You attack the boss.
19:08:35 You attack the boss.
19:08:35 You attack the boss.
19:08:35 You attack the boss.
19:08:35 You attack the boss.
19:08:35 You attack the boss.
19:08:35 You attack the boss.
19:08:35 You attack the boss.
19:08:35 You attack the boss.
19:08:35 You attack the boss.
19:08:35 You attack the boss.
19:08:35 You attack the boss.
19:08:35 You attack the boss.
19:08:35 You attack the boss.
19:08:36 You attack the boss.
19:08:36 You attack the boss.
19:08:36 You attack the boss.
19:08:36 You attack the boss.
19:08:36 You attack the boss.
19:08:36 You attack the boss.
19:08:36 You attack the boss.
19:08:36 You attack the boss.
19:08:36 You attack the boss.
19:08:36 You attack the boss.
19:08:36 You attack the boss.
19:08:36 You attack the boss.
19:08:36 You attack the boss.
19:08:36 You attack the boss.
19:08:36 You attack the boss.
19:08:36 You attack the boss.
19:08:36 You attack the boss.
19:08:36 You attack the boss.
19:08:36 You attack the boss.
19:08:36 You attack the boss.
19:08:36 You attack the boss.
19:08:36 You attack the boss.
19:08:36 You attack the boss.
19:08:36 You attack the boss.
19:08:36 You attack the boss.
19:08:36 You attack the boss.
19:08:36 You attack the boss.
19:08:36 You attack the boss.
19:08:36 You attack the boss.
19:08:36 Boss loses 1 health.
19:08:39 You attack the boss.
19:08:39 Boss loses 1 health.
19:08:39 You attack the boss.
19:08:39 You attack the boss.
19:08:39 You attack the boss.
19:08:39 You attack the boss.
19:08:39 You attack the boss.
19:08:39 You attack the boss.
19:08:39 You attack the boss.
19:08:39 You attack the boss.
19:08:39 You attack the boss.
19:08:39 You attack the boss.
19:08:39 You attack the boss.
19:08:39 You attack the boss.
19:08:39 You attack the boss.
19:08:39 You attack the boss.
19:08:39 You attack the boss.
19:08:39 You attack the boss.
19:08:39 You attack the boss.
19:08:39 You attack the boss.
19:08:39 You attack the boss.
19:08:39 You attack the boss.
19:08:39 You attack the boss.
19:08:39 You attack the boss.
19:08:39 You attack the boss.
19:08:39 You attack the boss.
19:08:40 You attack the boss.
19:08:40 Boss loses 1 health.
19:08:40 You attack the boss.
19:08:40 You attack the boss.
19:08:40 You attack the boss.
19:08:40 You attack the boss.
19:08:40 You attack the boss.
19:08:40 You attack the boss.
19:08:40 You attack the boss.
19:08:40 You attack the boss.
19:08:41 You attack the boss.
19:08:41 You attack the boss.
19:08:41 You attack the boss.
19:08:41 You attack the boss.
19:08:41 You attack the boss.
19:08:41 You attack the boss.
19:08:41 You attack the boss.
19:08:41 You attack the boss.
19:08:41 You attack the boss.
19:08:41 You attack the boss.
19:08:41 You attack the boss.
19:08:41 You attack the boss.
19:08:41 You attack the boss.
19:08:41 You attack the boss.
19:08:41 You attack the boss.
22:55:56 You attack the boss.
22:55:56 Boss loses 1 health.
22:55:56 You attack the boss.
22:55:56 You attack the boss.
22:55:56 You attack the boss.
22:55:56 You attack the boss.
22:55:56 You attack the boss.
22:55:56 You attack the boss.
22:55:56 You attack the boss.
22:55:56 You attack the boss.
22:55:56 You attack the boss.
22:55:56 You attack the boss.
22:55:56 You attack the boss.
22:55:56 You attack the boss.
22:55:56 You attack the boss.
22:55:56 You attack the boss.
22:55:56 You attack the boss.
22:55:56 You attack the boss.
22:55:56 You attack the boss.
22:55:57 You attack the boss.
22:55:57 Boss loses 1 health.
22:55:57 You attack the boss.
22:55:57 You attack the boss.
22:55:57 You attack the boss.
22:55:57 You attack the boss.
22:55:57 You attack the boss.
22:55:58 You attack the boss.
22:55:58 You attack the boss.
22:55:58 You attack the boss.
22:55:58 You attack the boss.
22:55:58 You attack the boss.
22:55:58 You attack the boss.
22:55:58 You attack the boss.
22:55:58 You attack the boss.
22:55:58 You attack the boss.
22:56:00 You attack the boss.
22:56:00 Boss loses 1 health.
22:56:00 You attack the boss.
22:56:00 You attack the boss.
22:56:00 You attack the boss.
22:56:00 You attack the boss.
22:56:00 You attack the boss.
22:56:00 You attack the boss.
22:56:00 You attack the boss.
22:56:00 You attack the boss.
22:56:00 You attack the boss.
22:56:00 You attack the boss.
22:56:00 You attack the boss.
22:56:00 You attack the boss.
22:56:00 You attack the boss.
22:56:00 You attack the boss.
22:56:00 You attack the boss.
22:56:00 You attack the boss.
22:56:00 You attack the boss.
22:56:00 You attack the boss.
22:56:00 You attack the boss.
22:56:00 You attack the boss.
22:56:00 You attack the boss.
22:56:08 You attack the boss.
22:56:08 Boss loses 1 health.
22:56:08 You attack the boss.
22:56:08 You attack the boss.
22:56:08 You attack the boss.
22:56:08 You attack the boss.
22:56:08 You attack the boss.
22:56:08 You attack the boss.
22:56:08 You attack the boss.
22:56:08 You attack the boss.
22:56:08 You attack the boss.
22:56:08 You attack the boss.
22:56:08 You attack the boss.
22:56:08 You attack the boss.
22:56:08 You attack the boss.
22:56:08 You attack the boss.
22:56:08 You attack the boss.
22:56:08 You attack the boss.
22:56:08 You attack the boss.
22:56:08 You attack the boss.
22:56:11 You attack the boss.
22:56:11 Boss loses 1 health.
22:56:11 You attack the boss.
22:56:11 You attack the boss.
22:56:11 You attack the boss.
22:56:11 You attack the boss.
22:56:11 You attack the boss.
22:56:11 You attack the boss.
22:56:11 You attack the boss.
22:56:11 You attack the boss.
22:56:11 You attack the boss.
22:56:11 You attack the boss.
22:56:11 You attack the boss.
22:56:11 You attack the boss.
22:56:11 You attack the boss.
22:56:11 You attack the boss.
22:56:11 You attack the boss.
22:56:11 You attack the boss.
22:56:11 You attack the boss.
22:56:11 You attack the boss.
22:56:11 You attack the boss.
22:56:11 You attack the boss.
22:56:11 You attack the boss.
22:56:11 You attack the boss.
22:56:11 You attack the boss.
22:56:11 You attack the boss.
22:56:13 You attack the boss.
22:56:13 Boss loses 1 health.
22:56:13 You attack the boss.
22:56:13 You attack the boss.
22:56:13 You attack the boss.
22:56:13 You attack the boss.
22:56:13 You attack the boss.
22:56:13 You attack the boss.
22:56:16 You attack the boss.
22:56:16 You won the boss. The boss is dead..
22:56:16 Player: +1 key in inventory.
22:56:19 You opened the doors from the boss's room. -1 key in inventory
23:26:19 You attack the boss.
23:26:19 Boss loses 1 health.
23:26:19 You attack the boss.
23:26:19 You attack the boss.
23:26:19 You attack the boss.
23:26:19 You attack the boss.
23:26:19 You attack the boss.
23:26:19 You attack the boss.
23:26:22 You attack the boss.
23:26:22 Boss loses 1 health.
23:26:22 You attack the boss.
23:26:22 You attack the boss.
23:26:22 You attack the boss.
23:26:22 You attack the boss.
23:26:22 You attack the boss.
23:26:22 You attack the boss.
23:26:22 You attack the boss.
23:26:22 You attack the boss.
23:26:22 You attack the boss.
23:26:22 You attack the boss.
23:26:22 You attack the boss.
23:26:22 You attack the boss.
23:26:22 You attack the boss.
23:26:22 You attack the boss.
23:26:22 You attack the boss.
23:26:22 You attack the boss.
23:26:22 You attack the boss.
23:26:22 You attack the boss.
23:26:22 You attack the boss.
23:26:22 You attack the boss.
23:26:22 You attack the boss.
23:26:22 You attack the boss.
23:26:22 You attack the boss.
23:26:22 You attack the boss.
23:26:24 You attack the boss.
23:26:24 Boss loses 1 health.
23:26:24 You attack the boss.
23:26:24 You attack the boss.
23:26:24 You attack the boss.
23:26:24 You attack the boss.
23:26:24 You attack the boss.
23:26:24 You attack the boss.
23:26:24 You attack the boss.
23:26:24 You attack the boss.
23:26:24 You attack the boss.
23:26:24 You attack the boss.
23:26:24 You attack the boss.
23:26:24 You attack the boss.
23:26:24 You attack the boss.
23:26:24 You attack the boss.
23:26:24 You attack the boss.
23:26:24 You attack the boss.
23:26:24 You attack the boss.
23:26:25 You attack the boss.
23:26:25 Boss loses 1 health.
23:26:25 You attack the boss.
23:26:25 You attack the boss.
23:26:25 You attack the boss.
23:26:25 You attack the boss.
23:26:25 You attack the boss.
23:26:25 You attack the boss.
23:26:25 You attack the boss.
23:26:25 You attack the boss.
23:26:26 You attack the boss.
23:26:26 You attack the boss.
23:26:26 You attack the boss.
23:26:26 You attack the boss.
23:26:26 You attack the boss.
23:26:26 You attack the boss.
23:26:26 You attack the boss.
23:26:26 You attack the boss.
23:26:26 You attack the boss.
23:26:26 You attack the boss.
23:26:26 You attack the boss.
23:26:26 You attack the boss.
23:26:26 You attack the boss.
23:26:26 You attack the boss.
23:26:26 You attack the boss.
23:26:27 You attack the boss.
23:26:27 Boss loses 1 health.
23:26:27 You attack the boss.
23:26:27 You attack the boss.
23:26:27 You attack the boss.
23:26:27 You attack the boss.
23:26:28 You attack the boss.
23:26:28 You attack the boss.
23:26:28 You attack the boss.
23:26:28 You attack the boss.
23:26:28 You attack the boss.
23:26:28 You attack the boss.
23:26:28 You attack the boss.
23:26:28 You attack the boss.
23:26:28 You attack the boss.
23:26:28 You attack the boss.
23:26:28 You attack the boss.
23:26:28 You attack the boss.
23:26:28 You attack the boss.
23:26:29 You attack the boss.
23:26:29 You attack the boss.
23:26:29 You attack the boss.
23:26:29 You attack the boss.
23:26:29 You attack the boss.
23:26:29 Boss loses 1 health.
23:26:29 You attack the boss.
23:26:29 You attack the boss.
23:26:29 You attack the boss.
23:26:29 You attack the boss.
23:26:29 You attack the boss.
23:26:29 You attack the boss.
23:26:29 You attack the boss.
23:26:29 You attack the boss.
23:26:29 You attack the boss.
23:26:29 You attack the boss.
23:26:29 You attack the boss.
23:26:29 You attack the boss.
23:26:29 You attack the boss.
23:26:29 You attack the boss.
23:26:29 You attack the boss.
23:26:29 You attack the boss.
23:26:29 You attack the boss.
23:26:29 You attack the boss.
23:26:29 You attack the boss.
23:26:33 You attack the boss.
23:26:33 You won the boss. The boss is dead..
23:26:34 Player: +1 key in inventory.
